<?xml version="1.0" encoding="UTF-8"?>
<testsuite name="ex2.NoteServiceImplTest" tests="6" skipped="0" failures="0" errors="0" timestamp="2020-12-22T18:39:03" hostname="DESKTOP-91BU32B" time="0.017">
  <properties/>
  <testcase name="averageOf_nonexistent" classname="ex2.NoteServiceImplTest" time="0.012"/>
  <testcase name="add" classname="ex2.NoteServiceImplTest" time="0.001"/>
  <testcase name="clear" classname="ex2.NoteServiceImplTest" time="0.002"/>
  <testcase name="averageOf_existing" classname="ex2.NoteServiceImplTest" time="0.0"/>
  <testcase name="add_nullNote" classname="ex2.NoteServiceImplTest" time="0.001"/>
  <testcase name="averageOf_null" classname="ex2.NoteServiceImplTest" time="0.0"/>
  <system-out><![CDATA[]]></system-out>
  <system-err><![CDATA[]]></system-err>
</testsuite>
